<?xml version="1.0" encoding="UTF-8"?>
<!-- Generated by org.testng.reporters.JUnitXMLReporter -->
<testsuite hostname="7JP2SJ2" name="Default test" tests="6" failures="0" timestamp="18 Jul 2018 05:21:45 GMT" time="212.043" errors="0">
  <testcase name="WebfailTest" time="17.001" classname="com.experitest.auto.AndroidDemoTest"/>
  <testcase name="applaunch" time="7.633" classname="com.experitest.auto.AndroidDemoTest"/>
  <testcase name="installapp" time="10.65" classname="com.experitest.auto.AndroidDemoTest"/>
  <testcase name="WebPasstest" time="9.553" classname="com.experitest.auto.AndroidDemoTest"/>
  <testcase name="AppPasstest" time="3.034" classname="com.experitest.auto.AndroidDemoTest"/>
  <testcase name="Appfailtest" time="4.83" classname="com.experitest.auto.AndroidDemoTest"/>
</testsuite> <!-- Default test -->
