<?xml version="1.0" encoding="UTF-8"?>
<!-- Generated by org.testng.reporters.JUnitXMLReporter -->
<testsuite hostname="7JP2SJ2" name="TestAndroid" tests="6" failures="0" timestamp="18 Jul 2018 09:33:02 GMT" time="196.957" errors="0">
  <testcase name="WebfailTest" time="13.749" classname="com.experitest.auto.AndroidDemoTest"/>
  <testcase name="applaunch" time="6.966" classname="com.experitest.auto.AndroidDemoTest"/>
  <testcase name="installapp" time="12.315" classname="com.experitest.auto.AndroidDemoTest"/>
  <testcase name="WebPasstest" time="8.149" classname="com.experitest.auto.AndroidDemoTest"/>
  <testcase name="AppPasstest" time="1.972" classname="com.experitest.auto.AndroidDemoTest"/>
  <testcase name="Appfailtest" time="4.568" classname="com.experitest.auto.AndroidDemoTest"/>
</testsuite> <!-- TestAndroid -->
