<?xml version="1.0" encoding="UTF-8"?>
<!-- Generated by org.testng.reporters.JUnitXMLReporter -->
<testsuite hostname="7JP2SJ2" name="TestIOS" tests="2" failures="0" timestamp="18 Jul 2018 09:29:45 GMT" time="4.589" errors="0">
  <testcase name="@BeforeMethod setUp" time="0.0" classname="com.experitest.auto.IOSDemoTest">
    <failure type="com.experitest.client.InternalException" message="The lockDeviceForExecution failed with error: &amp;apos;Not enough tokens&amp;apos;">
      <![CDATA[com.experitest.client.InternalException: The lockDeviceForExecution failed with error: 'Not enough tokens'
	at com.experitest.client.GridClient.lockDeviceForExecution(GridClient.java:397)
	at com.experitest.client.GridClient.lockDeviceForExecution(GridClient.java:230)
	at com.experitest.auto.BaseTest.init(BaseTest.java:40)
	at com.experitest.auto.IOSDemoTest.setUp(IOSDemoTest.java:16)
... Removed 26 stack frames]]>
    </failure>
  </testcase> <!-- @BeforeMethod setUp -->
  <testcase name="@AfterMethod tearDownTestClass" time="0.0" classname="com.experitest.auto.IOSDemoTest">
    <skipped/>
  </testcase> <!-- @AfterMethod tearDownTestClass -->
  <testcase name="@AfterMethod tearDownTestMethod" time="0.0" classname="com.experitest.auto.IOSDemoTest">
    <skipped/>
  </testcase> <!-- @AfterMethod tearDownTestMethod -->
  <testcase name="@BeforeMethod setUp" time="0.0" classname="com.experitest.auto.IOSDemoTest">
    <skipped/>
  </testcase> <!-- @BeforeMethod setUp -->
  <testcase name="@AfterMethod tearDownTestClass" time="0.0" classname="com.experitest.auto.IOSDemoTest">
    <skipped/>
  </testcase> <!-- @AfterMethod tearDownTestClass -->
  <testcase name="@AfterMethod tearDownTestMethod" time="0.0" classname="com.experitest.auto.IOSDemoTest">
    <skipped/>
  </testcase> <!-- @AfterMethod tearDownTestMethod -->
  <testcase name="WebFailtest" time="0.002" classname="com.experitest.auto.IOSDemoTest">
    <skipped/>
  </testcase> <!-- WebFailtest -->
  <testcase name="WebPasstest" time="0.001" classname="com.experitest.auto.IOSDemoTest">
    <skipped/>
  </testcase> <!-- WebPasstest -->
</testsuite> <!-- TestIOS -->
